<?xml version="1.0" encoding="UTF-8"?>
<!-- Generated by org.testng.reporters.JUnitXMLReporter -->
<testsuite ignored="0" hostname="DESKTOP-55IUB1S" failures="1" tests="2" name="Banking Test" time="33.739" errors="0" timestamp="2024-07-11T22:32:37 IST">
  <testcase classname="com.inetbanking.TestCases.TC_login001" name="loginTest" time="4.063"/>
  <testcase classname="com.inetbanking.TestCases.TC_addNewCustomer__003" name="addCustomer" time="17.602">
    <failure type="java.lang.AssertionError" message="expected [true] but found [false]">
      <![CDATA[java.lang.AssertionError: expected [true] but found [false]
at com.inetbanking.TestCases.TC_addNewCustomer__003.addCustomer(TC_addNewCustomer__003.java:62)
at java.base/java.util.ArrayList.forEach(ArrayList.java:1511)
... Removed 31 stack frames]]>
    </failure>
  </testcase> <!-- addCustomer -->
</testsuite> <!-- Banking Test -->
