<?xml version="1.0" encoding="UTF-8"?>
<testsuite xmlns:xsi="http://www.w3.org/2001/XMLSchema-instance" xsi:noNamespaceSchemaLocation="https://maven.apache.org/surefire/maven-surefire-plugin/xsd/surefire-test-report-3.0.xsd" version="3.0" name="TestSuite" time="34.876" tests="2" errors="0" skipped="0" failures="0">
  <properties>
[...]
</properties>
  <testcase name="loginTest" classname="com.inetbanking.TestCases.TC_login001" time="3.189">
    <system-out><![CDATA[2024-07-11 22:36:15 INFO  E-Banking:TC_login001.java:13 - ULR is opened
2024-07-11 22:36:16 INFO  E-Banking:TC_login001.java:16 - username is entered
2024-07-11 22:36:16 INFO  E-Banking:TC_login001.java:18 - password is entered
2024-07-11 22:36:17 INFO  E-Banking:TC_login001.java:23 - TestCase PASSED
]]></system-out>
    <system-err><![CDATA[SLF4J: Failed to load class "org.slf4j.impl.StaticLoggerBinder".
SLF4J: Defaulting to no-operation (NOP) logger implementation
SLF4J: See http://www.slf4j.org/codes.html#StaticLoggerBinder for further details.
]]></system-err>
  </testcase>
  <testcase name="addCustomer" classname="com.inetbanking.TestCases.TC_addNewCustomer__003" time="17.402">
    <system-out><![CDATA[2024-07-11 22:36:22 INFO  E-Banking:TC_addNewCustomer__003.java:14 - Inside TC_addNewCustomer__003.addCustomer
2024-07-11 22:36:24 INFO  E-Banking:TC_addNewCustomer__003.java:20 - User Logged in
2024-07-11 22:36:25 INFO  E-Banking:TC_addNewCustomer__003.java:23 - Providing new customer details
2024-07-11 22:36:35 INFO  E-Banking:TC_addNewCustomer__003.java:50 - New Customer Created
]]></system-out>
  </testcase>
</testsuite>